<?xml version="1.0" encoding="UTF-8"?>
<Site BuildName="(empty)"
	BuildStamp="20240627-0121-Experimental"
	Name="robot"
	Generator="ctest-3.22.1"
	CompilerName="/usr/bin/c++"
	CompilerVersion="11.4.0"
	OSName="Linux"
	Hostname="robot"
	OSRelease="6.5.0-41-generic"
	OSVersion="#41~22.04.2-Ubuntu SMP PREEMPT_DYNAMIC Mon Jun  3 11:32:55 UTC 2"
	OSPlatform="x86_64"
	Is64Bits="1"
	VendorString="GenuineIntel"
	VendorID="Intel Corporation"
	FamilyID="6"
	ModelID="156"
	ProcessorCacheSize="4096"
	NumberOfLogicalCPU="4"
	NumberOfPhysicalCPU="4"
	TotalVirtualMemory="2047"
	TotalPhysicalMemory="7711"
	LogicalProcessorsPerPhysical="1"
	ProcessorClockFrequency="2800"
	>
	<Testing>
		<StartDateTime>Jun 27 16:30 KST</StartDateTime>
		<StartTestTime>1719473430</StartTestTime>
		<TestList/>
		<EndDateTime>Jun 27 16:30 KST</EndDateTime>
		<EndTestTime>1719473430</EndTestTime>
		<ElapsedMinutes>0</ElapsedMinutes>
	</Testing>
</Site>
