[0.171s] Invoking command in '/home/robot/ydlidar_ros2_driver/build/ydlidar_ros2_driver': CMAKE_PREFIX_PATH=${CMAKE_PREFIX_PATH}:/home/robot/robot_ws/install/urdf_tutorial:/home/robot/turtlebot3_ws/install/turtlebot3_teleop:/home/robot/turtlebot3_ws/install/turtlebot3_example:/opt/ros/humble /usr/bin/cmake --build /home/robot/ydlidar_ros2_driver/build/ydlidar_ros2_driver -- -j4 -l4
[0.248s] [35m[1mConsolidate compiler generated dependencies of target ydlidar_ros2_driver_node[0m
[0.262s] [ 50%] Built target ydlidar_ros2_driver_client
[0.267s] [ 75%] [32mBuilding CXX object CMakeFiles/ydlidar_ros2_driver_node.dir/src/ydlidar_ros2_driver_node.cpp.o[0m
[0.604s] In file included from [01m[K/home/robot/robot_ws/install/ydlidar_sdk/include/core/base/v8stdint.h:142[m[K,
[0.604s]                  from [01m[K/home/robot/robot_ws/install/ydlidar_sdk/include/core/common/DriverInterface.h:2[m[K,
[0.604s]                  from [01m[K/home/robot/robot_ws/install/ydlidar_sdk/include/src/CYdLidar.h:48[m[K,
[0.604s]                  from [01m[K/home/robot/ydlidar_ros2_driver/src/ydlidar_ros2_driver_node.cpp:16[m[K:
[0.605s] [01m[K/home/robot/robot_ws/install/ydlidar_sdk/include/core/base/ydlidar.h:[m[K In function â€˜[01m[Kbool ydlidar::core::base::fileExists(const string&)[m[Kâ€™:
[0.605s] [01m[K/home/robot/robot_ws/install/ydlidar_sdk/include/core/base/ydlidar.h:183:24:[m[K [01;35m[Kwarning: [m[Kmissing initializer for member â€˜[01m[Kstat::st_ino[m[Kâ€™ [[01;35m[K]8;;https://gcc.gnu.org/onlinedocs/gcc/Warning-Options.html#index-Wmissing-field-initializers-Wmissing-field-initializers]8;;[m[K]
[0.605s]   183 |   struct stat info = {0[01;35m[K}[m[K;
[0.605s]       |                        [01;35m[K^[m[K
[0.605s] [01m[K/home/robot/robot_ws/install/ydlidar_sdk/include/core/base/ydlidar.h:183:24:[m[K [01;35m[Kwarning: [m[Kmissing initializer for member â€˜[01m[Kstat::st_nlink[m[Kâ€™ [[01;35m[K]8;;https://gcc.gnu.org/onlinedocs/gcc/Warning-Options.html#index-Wmissing-field-initializers-Wmissing-field-initializers]8;;[m[K]
[0.605s] [01m[K/home/robot/robot_ws/install/ydlidar_sdk/include/core/base/ydlidar.h:183:24:[m[K [01;35m[Kwarning: [m[Kmissing initializer for member â€˜[01m[Kstat::st_mode[m[Kâ€™ [[01;35m[K]8;;https://gcc.gnu.org/onlinedocs/gcc/Warning-Options.html#index-Wmissing-field-initializers-Wmissing-field-initializers]8;;[m[K]
[0.605s] [01m[K/home/robot/robot_ws/install/ydlidar_sdk/include/core/base/ydlidar.h:183:24:[m[K [01;35m[Kwarning: [m[Kmissing initializer for member â€˜[01m[Kstat::st_uid[m[Kâ€™ [[01;35m[K]8;;https://gcc.gnu.org/onlinedocs/gcc/Warning-Options.html#index-Wmissing-field-initializers-Wmissing-field-initializers]8;;[m[K]
[0.605s] [01m[K/home/robot/robot_ws/install/ydlidar_sdk/include/core/base/ydlidar.h:183:24:[m[K [01;35m[Kwarning: [m[Kmissing initializer for member â€˜[01m[Kstat::st_gid[m[Kâ€™ [[01;35m[K]8;;https://gcc.gnu.org/onlinedocs/gcc/Warning-Options.html#index-Wmissing-field-initializers-Wmissing-field-initializers]8;;[m[K]
[0.605s] [01m[K/home/robot/robot_ws/install/ydlidar_sdk/include/core/base/ydlidar.h:183:24:[m[K [01;35m[Kwarning: [m[Kmissing initializer for member â€˜[01m[Kstat::__pad0[m[Kâ€™ [[01;35m[K]8;;https://gcc.gnu.org/onlinedocs/gcc/Warning-Options.html#index-Wmissing-field-initializers-Wmissing-field-initializers]8;;[m[K]
[0.605s] [01m[K/home/robot/robot_ws/install/ydlidar_sdk/include/core/base/ydlidar.h:183:24:[m[K [01;35m[Kwarning: [m[Kmissing initializer for member â€˜[01m[Kstat::st_rdev[m[Kâ€™ [[01;35m[K]8;;https://gcc.gnu.org/onlinedocs/gcc/Warning-Options.html#index-Wmissing-field-initializers-Wmissing-field-initializers]8;;[m[K]
[0.605s] [01m[K/home/robot/robot_ws/install/ydlidar_sdk/include/core/base/ydlidar.h:183:24:[m[K [01;35m[Kwarning: [m[Kmissing initializer for member â€˜[01m[Kstat::st_size[m[Kâ€™ [[01;35m[K]8;;https://gcc.gnu.org/onlinedocs/gcc/Warning-Options.html#index-Wmissing-field-initializers-Wmissing-field-initializers]8;;[m[K]
[0.606s] [01m[K/home/robot/robot_ws/install/ydlidar_sdk/include/core/base/ydlidar.h:183:24:[m[K [01;35m[Kwarning: [m[Kmissing initializer for member â€˜[01m[Kstat::st_blksize[m[Kâ€™ [[01;35m[K]8;;https://gcc.gnu.org/onlinedocs/gcc/Warning-Options.html#index-Wmissing-field-initializers-Wmissing-field-initializers]8;;[m[K]
[0.606s] [01m[K/home/robot/robot_ws/install/ydlidar_sdk/include/core/base/ydlidar.h:183:24:[m[K [01;35m[Kwarning: [m[Kmissing initializer for member â€˜[01m[Kstat::st_blocks[m[Kâ€™ [[01;35m[K]8;;https://gcc.gnu.org/onlinedocs/gcc/Warning-Options.html#index-Wmissing-field-initializers-Wmissing-field-initializers]8;;[m[K]
[0.606s] [01m[K/home/robot/robot_ws/install/ydlidar_sdk/include/core/base/ydlidar.h:183:24:[m[K [01;35m[Kwarning: [m[Kmissing initializer for member â€˜[01m[Kstat::st_atim[m[Kâ€™ [[01;35m[K]8;;https://gcc.gnu.org/onlinedocs/gcc/Warning-Options.html#index-Wmissing-field-initializers-Wmissing-field-initializers]8;;[m[K]
[0.606s] [01m[K/home/robot/robot_ws/install/ydlidar_sdk/include/core/base/ydlidar.h:183:24:[m[K [01;35m[Kwarning: [m[Kmissing initializer for member â€˜[01m[Kstat::st_mtim[m[Kâ€™ [[01;35m[K]8;;https://gcc.gnu.org/onlinedocs/gcc/Warning-Options.html#index-Wmissing-field-initializers-Wmissing-field-initializers]8;;[m[K]
[0.606s] [01m[K/home/robot/robot_ws/install/ydlidar_sdk/include/core/base/ydlidar.h:183:24:[m[K [01;35m[Kwarning: [m[Kmissing initializer for member â€˜[01m[Kstat::st_ctim[m[Kâ€™ [[01;35m[K]8;;https://gcc.gnu.org/onlinedocs/gcc/Warning-Options.html#index-Wmissing-field-initializers-Wmissing-field-initializers]8;;[m[K]
[0.606s] [01m[K/home/robot/robot_ws/install/ydlidar_sdk/include/core/base/ydlidar.h:183:24:[m[K [01;35m[Kwarning: [m[Kmissing initializer for member â€˜[01m[Kstat::__glibc_reserved[m[Kâ€™ [[01;35m[K]8;;https://gcc.gnu.org/onlinedocs/gcc/Warning-Options.html#index-Wmissing-field-initializers-Wmissing-field-initializers]8;;[m[K]
[0.606s] In file included from [01m[K/home/robot/robot_ws/install/ydlidar_sdk/include/core/common/DriverInterface.h:3[m[K,
[0.606s]                  from [01m[K/home/robot/robot_ws/install/ydlidar_sdk/include/src/CYdLidar.h:48[m[K,
[0.611s]                  from [01m[K/home/robot/ydlidar_ros2_driver/src/ydlidar_ros2_driver_node.cpp:16[m[K:
[0.611s] [01m[K/home/robot/robot_ws/install/ydlidar_sdk/include/core/base/thread.h:[m[K In static member function â€˜[01m[Kstatic ydlidar::core::base::Thread ydlidar::core::base::Thread::createThread(thread_proc_t, void*)[m[Kâ€™:
[0.611s] [01m[K/home/robot/robot_ws/install/ydlidar_sdk/include/core/base/thread.h:55:42:[m[K [01;35m[Kwarning: [m[Kcast between incompatible function types from â€˜[01m[Kthread_proc_t[m[Kâ€™ {aka â€˜[01m[Klong unsigned int (*)(void*)[m[Kâ€™} to â€˜[01m[Kvoid* (*)(void*)[m[Kâ€™ [[01;35m[K]8;;https://gcc.gnu.org/onlinedocs/gcc/Warning-Options.html#index-Wcast-function-type-Wcast-function-type]8;;[m[K]
[0.611s]    55 |                                    NULL, [01;35m[K(void *(*)(void *))proc[m[K,
[0.611s]       |                                          [01;35m[K^~~~~~~~~~~~~~~~~~~~~~~[m[K
[0.611s] [01m[K/home/robot/robot_ws/install/ydlidar_sdk/include/core/base/thread.h:[m[K In member function â€˜[01m[Kint ydlidar::core::base::Thread::join(long unsigned int)[m[Kâ€™:
[0.611s] [01m[K/home/robot/robot_ws/install/ydlidar_sdk/include/core/base/thread.h:136:46:[m[K [01;35m[Kwarning: [m[Kformat â€˜[01m[K%X[m[Kâ€™ expects argument of type â€˜[01m[Kunsigned int[m[Kâ€™, but argument 2 has type â€˜[01m[K_size_t[m[Kâ€™ {aka â€˜[01m[Klong unsigned int[m[Kâ€™} [[01;35m[K]8;;https://gcc.gnu.org/onlinedocs/gcc/Warning-Options.html#index-Wformat=-Wformat=]8;;[m[K]
[0.611s]   136 |           printf("[YDLIDAR DEBUG] Thread [0x[01;35m[K%X[m[K] ready to cancel[%d]\n", [32m[K_handle[m[K, s);
[0.612s]       |                                             [01;35m[K~^[m[K                          [32m[K~~~~~~~[m[K
[0.612s]       |                                              [01;35m[K|[m[K                          [32m[K|[m[K
[0.612s]       |                                              [01;35m[Kunsigned int[m[K               [32m[K_size_t {aka long unsigned int}[m[K
[0.612s]       |                                             [32m[K%lX[m[K
[0.612s] [01m[K/home/robot/robot_ws/install/ydlidar_sdk/include/core/base/thread.h:138:46:[m[K [01;35m[Kwarning: [m[Kformat â€˜[01m[K%X[m[Kâ€™ expects argument of type â€˜[01m[Kunsigned int[m[Kâ€™, but argument 2 has type â€˜[01m[K_size_t[m[Kâ€™ {aka â€˜[01m[Klong unsigned int[m[Kâ€™} [[01;35m[K]8;;https://gcc.gnu.org/onlinedocs/gcc/Warning-Options.html#index-Wformat=-Wformat=]8;;[m[K]
[0.612s]   138 |           printf("[YDLIDAR DEBUG] Thread [0x[01;35m[K%X[m[K] ready to cancel[%d] time[%u]\n",
[0.612s]       |                                             [01;35m[K~^[m[K
[0.612s]       |                                              [01;35m[K|[m[K
[0.612s]       |                                              [01;35m[Kunsigned int[m[K
[0.612s]       |                                             [32m[K%lX[m[K
[0.612s]   139 |             [32m[K_handle[m[K, s, getms() - t);
[0.612s]       |             [32m[K~~~~~~~[m[K                           
[0.613s]       |             [32m[K|[m[K
[0.613s]       |             [32m[K_size_t {aka long unsigned int}[m[K
[0.613s] [01m[K/home/robot/robot_ws/install/ydlidar_sdk/include/core/base/thread.h:142:42:[m[K [01;35m[Kwarning: [m[Kformat â€˜[01m[K%X[m[Kâ€™ expects argument of type â€˜[01m[Kunsigned int[m[Kâ€™, but argument 2 has type â€˜[01m[K_size_t[m[Kâ€™ {aka â€˜[01m[Klong unsigned int[m[Kâ€™} [[01;35m[K]8;;https://gcc.gnu.org/onlinedocs/gcc/Warning-Options.html#index-Wformat=-Wformat=]8;;[m[K]
[0.613s]   142 |             printf("[YDLIDAR] Thread [0x[01;35m[K%X[m[K] has been canceled in other thread\n", [32m[K_handle[m[K);
[0.613s]       |                                         [01;35m[K~^[m[K                                        [32m[K~~~~~~~[m[K
[0.613s]       |                                          [01;35m[K|[m[K                                        [32m[K|[m[K
[0.613s]       |                                          [01;35m[Kunsigned int[m[K                             [32m[K_size_t {aka long unsigned int}[m[K
[0.613s]       |                                         [32m[K%lX[m[K
[0.613s] [01m[K/home/robot/robot_ws/install/ydlidar_sdk/include/core/base/thread.h:147:74:[m[K [01;35m[Kwarning: [m[Kformat â€˜[01m[K%X[m[Kâ€™ expects argument of type â€˜[01m[Kunsigned int[m[Kâ€™, but argument 3 has type â€˜[01m[K_size_t[m[Kâ€™ {aka â€˜[01m[Klong unsigned int[m[Kâ€™} [[01;35m[K]8;;https://gcc.gnu.org/onlinedocs/gcc/Warning-Options.html#index-Wformat=-Wformat=]8;;[m[K]
[0.613s]   147 | printf(stderr, "[YDLIDAR] An error occurred while thread[0x[01;35m[K%X[m[K] cancelled!\n", [32m[K_handle[m[K);
[0.613s]       |                                                            [01;35m[K~^[m[K                 [32m[K~~~~~~~[m[K
[0.613s]       |                                                             [01;35m[K|[m[K                 [32m[K|[m[K
[0.614s]       |                                                             [01;35m[Kunsigned int[m[K      [32m[K_size_t {aka long unsigned int}[m[K
[0.614s]       |                                                            [32m[K%lX[m[K
[0.614s] [01m[K/home/robot/robot_ws/install/ydlidar_sdk/include/core/base/thread.h:151:40:[m[K [01;35m[Kwarning: [m[Kformat â€˜[01m[K%X[m[Kâ€™ expects argument of type â€˜[01m[Kunsigned int[m[Kâ€™, but argument 2 has type â€˜[01m[K_size_t[m[Kâ€™ {aka â€˜[01m[Klong unsigned int[m[Kâ€™} [[01;35m[K]8;;https://gcc.gnu.org/onlinedocs/gcc/Warning-Options.html#index-Wformat=-Wformat=]8;;[m[K]
[0.614s]   151 |           printf("[YDLIDAR] Thread [0x[01;35m[K%X[m[K] has been canceled\n", [32m[K_handle[m[K);
[0.614s]       |                                       [01;35m[K~^[m[K                        [32m[K~~~~~~~[m[K
[0.614s]       |                                        [01;35m[K|[m[K                        [32m[K|[m[K
[0.614s]       |                                        [01;35m[Kunsigned int[m[K             [32m[K_size_t {aka long unsigned int}[m[K
[0.614s]       |                                       [32m[K%lX[m[K
[0.784s] In file included from [01m[K/home/robot/robot_ws/install/ydlidar_sdk/include/core/common/DriverInterface.h:7[m[K,
[0.784s]                  from [01m[K/home/robot/robot_ws/install/ydlidar_sdk/include/src/CYdLidar.h:48[m[K,
[0.784s]                  from [01m[K/home/robot/ydlidar_ros2_driver/src/ydlidar_ros2_driver_node.cpp:16[m[K:
[0.784s] [01m[K/home/robot/robot_ws/install/ydlidar_sdk/include/core/common/ydlidar_protocol.h:[m[K At global scope:
[0.784s] [01m[K/home/robot/robot_ws/install/ydlidar_sdk/include/core/common/ydlidar_protocol.h:294:22:[m[K [01;35m[Kwarning: [m[Kmissing initializer for member â€˜[01m[Kdevice_info::firmware_version[m[Kâ€™ [[01;35m[K]8;;https://gcc.gnu.org/onlinedocs/gcc/Warning-Options.html#index-Wmissing-field-initializers-Wmissing-field-initializers]8;;[m[K]
[0.784s]   294 |   device_info di = {0[01;35m[K}[m[K;
[0.784s]       |                      [01;35m[K^[m[K
[0.784s] [01m[K/home/robot/robot_ws/install/ydlidar_sdk/include/core/common/ydlidar_protocol.h:294:22:[m[K [01;35m[Kwarning: [m[Kmissing initializer for member â€˜[01m[Kdevice_info::hardware_version[m[Kâ€™ [[01;35m[K]8;;https://gcc.gnu.org/onlinedocs/gcc/Warning-Options.html#index-Wmissing-field-initializers-Wmissing-field-initializers]8;;[m[K]
[0.784s] [01m[K/home/robot/robot_ws/install/ydlidar_sdk/include/core/common/ydlidar_protocol.h:294:22:[m[K [01;35m[Kwarning: [m[Kmissing initializer for member â€˜[01m[Kdevice_info::serialnum[m[Kâ€™ [[01;35m[K]8;;https://gcc.gnu.org/onlinedocs/gcc/Warning-Options.html#index-Wmissing-field-initializers-Wmissing-field-initializers]8;;[m[K]
[0.795s] In file included from [01m[K/home/robot/robot_ws/install/ydlidar_sdk/include/src/CYdLidar.h:48[m[K,
[0.795s]                  from [01m[K/home/robot/ydlidar_ros2_driver/src/ydlidar_ros2_driver_node.cpp:16[m[K:
[0.795s] [01m[K/home/robot/robot_ws/install/ydlidar_sdk/include/core/common/DriverInterface.h:[m[K In member function â€˜[01m[Kvirtual bool ydlidar::core::common::DriverInterface::getDeviceInfoEx(device_info&, int)[m[Kâ€™:
[0.795s] [01m[K/home/robot/robot_ws/install/ydlidar_sdk/include/core/common/DriverInterface.h:270:59:[m[K [01;35m[Kwarning: [m[Kunused parameter â€˜[01m[Ktype[m[Kâ€™ [[01;35m[K]8;;https://gcc.gnu.org/onlinedocs/gcc/Warning-Options.html#index-Wunused-parameter-Wunused-parameter]8;;[m[K]
[0.795s]   270 |         virtual bool getDeviceInfoEx(device_info &di, [01;35m[Kint type=EPT_Module[m[K)
[0.795s]       |                                                       [01;35m[K~~~~^~~~~~~~~~~~~~~[m[K
[0.796s] [01m[K/home/robot/robot_ws/install/ydlidar_sdk/include/core/common/DriverInterface.h:[m[K In member function â€˜[01m[Kvirtual result_t ydlidar::core::common::DriverInterface::getScanFrequency(scan_frequency&, uint32_t)[m[Kâ€™:
[0.796s] [01m[K/home/robot/robot_ws/install/ydlidar_sdk/include/core/common/DriverInterface.h:318:59:[m[K [01;35m[Kwarning: [m[Kunused parameter â€˜[01m[Kfrequency[m[Kâ€™ [[01;35m[K]8;;https://gcc.gnu.org/onlinedocs/gcc/Warning-Options.html#index-Wunused-parameter-Wunused-parameter]8;;[m[K]
[0.796s]   318 |         virtual result_t getScanFrequency([01;35m[Kscan_frequency &frequency[m[K,
[0.796s]       |                                           [01;35m[K~~~~~~~~~~~~~~~~^~~~~~~~~[m[K
[0.796s] [01m[K/home/robot/robot_ws/install/ydlidar_sdk/include/core/common/DriverInterface.h:319:52:[m[K [01;35m[Kwarning: [m[Kunused parameter â€˜[01m[Ktimeout[m[Kâ€™ [[01;35m[K]8;;https://gcc.gnu.org/onlinedocs/gcc/Warning-Options.html#index-Wunused-parameter-Wunused-parameter]8;;[m[K]
[0.796s]   319 |                                           [01;35m[Kuint32_t timeout = DEFAULT_TIMEOUT[m[K)
[0.796s]       |                                           [01;35m[K~~~~~~~~~^~~~~~~~~~~~~~~~~~~~~~~~~[m[K
[0.796s] [01m[K/home/robot/robot_ws/install/ydlidar_sdk/include/core/common/DriverInterface.h:[m[K In member function â€˜[01m[Kvirtual result_t ydlidar::core::common::DriverInterface::setScanFrequencyAdd(scan_frequency&, uint32_t)[m[Kâ€™:
[0.796s] [01m[K/home/robot/robot_ws/install/ydlidar_sdk/include/core/common/DriverInterface.h:333:62:[m[K [01;35m[Kwarning: [m[Kunused parameter â€˜[01m[Kfrequency[m[Kâ€™ [[01;35m[K]8;;https://gcc.gnu.org/onlinedocs/gcc/Warning-Options.html#index-Wunused-parameter-Wunused-parameter]8;;[m[K]
[0.796s]   333 |         virtual result_t setScanFrequencyAdd([01;35m[Kscan_frequency &frequency[m[K,
[0.796s]       |                                              [01;35m[K~~~~~~~~~~~~~~~~^~~~~~~~~[m[K
[0.796s] [01m[K/home/robot/robot_ws/install/ydlidar_sdk/include/core/common/DriverInterface.h:334:55:[m[K [01;35m[Kwarning: [m[Kunused parameter â€˜[01m[Ktimeout[m[Kâ€™ [[01;35m[K]8;;https://gcc.gnu.org/onlinedocs/gcc/Warning-Options.html#index-Wunused-parameter-Wunused-parameter]8;;[m[K]
[0.796s]   334 |                                              [01;35m[Kuint32_t timeout = DEFAULT_TIMEOUT[m[K)
[0.797s]       |                                              [01;35m[K~~~~~~~~~^~~~~~~~~~~~~~~~~~~~~~~~~[m[K
[0.797s] [01m[K/home/robot/robot_ws/install/ydlidar_sdk/include/core/common/DriverInterface.h:[m[K In member function â€˜[01m[Kvirtual result_t ydlidar::core::common::DriverInterface::setScanFrequencyDis(scan_frequency&, uint32_t)[m[Kâ€™:
[0.797s] [01m[K/home/robot/robot_ws/install/ydlidar_sdk/include/core/common/DriverInterface.h:348:62:[m[K [01;35m[Kwarning: [m[Kunused parameter â€˜[01m[Kfrequency[m[Kâ€™ [[01;35m[K]8;;https://gcc.gnu.org/onlinedocs/gcc/Warning-Options.html#index-Wunused-parameter-Wunused-parameter]8;;[m[K]
[0.797s]   348 |         virtual result_t setScanFrequencyDis([01;35m[Kscan_frequency &frequency[m[K,
[0.797s]       |                                              [01;35m[K~~~~~~~~~~~~~~~~^~~~~~~~~[m[K
[0.797s] [01m[K/home/robot/robot_ws/install/ydlidar_sdk/include/core/common/DriverInterface.h:349:55:[m[K [01;35m[Kwarning: [m[Kunused parameter â€˜[01m[Ktimeout[m[Kâ€™ [[01;35m[K]8;;https://gcc.gnu.org/onlinedocs/gcc/Warning-Options.html#index-Wunused-parameter-Wunused-parameter]8;;[m[K]
[0.797s]   349 |                                              [01;35m[Kuint32_t timeout = DEFAULT_TIMEOUT[m[K)
[0.797s]       |                                              [01;35m[K~~~~~~~~~^~~~~~~~~~~~~~~~~~~~~~~~~[m[K
[0.797s] [01m[K/home/robot/robot_ws/install/ydlidar_sdk/include/core/common/DriverInterface.h:[m[K In member function â€˜[01m[Kvirtual result_t ydlidar::core::common::DriverInterface::setScanFrequencyAddMic(scan_frequency&, uint32_t)[m[Kâ€™:
[0.797s] [01m[K/home/robot/robot_ws/install/ydlidar_sdk/include/core/common/DriverInterface.h:363:65:[m[K [01;35m[Kwarning: [m[Kunused parameter â€˜[01m[Kfrequency[m[Kâ€™ [[01;35m[K]8;;https://gcc.gnu.org/onlinedocs/gcc/Warning-Options.html#index-Wunused-parameter-Wunused-parameter]8;;[m[K]
[0.797s]   363 |      virtual result_t setScanFrequencyAddMic([01;35m[Kscan_frequency &frequency[m[K,
[0.797s]       |                                              [01;35m[K~~~~~~~~~~~~~~~~^~~~~~~~~[m[K
[0.798s] 
[0.798s] [01m[K/home/robot/robot_ws/install/ydlidar_sdk/include/core/common/DriverInterface.h:364:58:[m[K [01;35m[Kwarning: [m[Kunused parameter â€˜[01m[Ktimeout[m[Kâ€™ [[01;35m[K]8;;https://gcc.gnu.org/onlinedocs/gcc/Warning-Options.html#index-Wunused-parameter-Wunused-parameter]8;;[m[K]
[0.798s]   364 |                                                 [01;35m[Kuint32_t timeout = DEFAULT_TIMEOUT[m[K)
[0.798s]       |                                                 [01;35m[K~~~~~~~~~^~~~~~~~~~~~~~~~~~~~~~~~~[m[K
[0.798s] [01m[K/home/robot/robot_ws/install/ydlidar_sdk/include/core/common/DriverInterface.h:[m[K In member function â€˜[01m[Kvirtual result_t ydlidar::core::common::DriverInterface::setScanFrequencyDisMic(scan_frequency&, uint32_t)[m[Kâ€™:
[0.798s] [01m[K/home/robot/robot_ws/install/ydlidar_sdk/include/core/common/DriverInterface.h:378:65:[m[K [01;35m[Kwarning: [m[Kunused parameter â€˜[01m[Kfrequency[m[Kâ€™ [[01;35m[K]8;;https://gcc.gnu.org/onlinedocs/gcc/Warning-Options.html#index-Wunused-parameter-Wunused-parameter]8;;[m[K]
[0.798s]   378 |      virtual result_t setScanFrequencyDisMic([01;35m[Kscan_frequency &frequency[m[K,
[0.798s]       |                                              [01;35m[K~~~~~~~~~~~~~~~~^~~~~~~~~[m[K
[0.798s] 
[0.798s] [01m[K/home/robot/robot_ws/install/ydlidar_sdk/include/core/common/DriverInterface.h:379:58:[m[K [01;35m[Kwarning: [m[Kunused parameter â€˜[01m[Ktimeout[m[Kâ€™ [[01;35m[K]8;;https://gcc.gnu.org/onlinedocs/gcc/Warning-Options.html#index-Wunused-parameter-Wunused-parameter]8;;[m[K]
[0.798s]   379 |                                                 [01;35m[Kuint32_t timeout = DEFAULT_TIMEOUT[m[K)
[0.799s]       |                                                 [01;35m[K~~~~~~~~~^~~~~~~~~~~~~~~~~~~~~~~~~[m[K
[0.799s] [01m[K/home/robot/robot_ws/install/ydlidar_sdk/include/core/common/DriverInterface.h:[m[K In member function â€˜[01m[Kvirtual result_t ydlidar::core::common::DriverInterface::getSamplingRate(sampling_rate&, uint32_t)[m[Kâ€™:
[0.799s] [01m[K/home/robot/robot_ws/install/ydlidar_sdk/include/core/common/DriverInterface.h:393:57:[m[K [01;35m[Kwarning: [m[Kunused parameter â€˜[01m[Krate[m[Kâ€™ [[01;35m[K]8;;https://gcc.gnu.org/onlinedocs/gcc/Warning-Options.html#index-Wunused-parameter-Wunused-parameter]8;;[m[K]
[0.799s]   393 |         virtual result_t getSamplingRate([01;35m[Ksampling_rate &rate[m[K,
[0.799s]       |                                          [01;35m[K~~~~~~~~~~~~~~~^~~~[m[K
[0.799s] [01m[K/home/robot/robot_ws/install/ydlidar_sdk/include/core/common/DriverInterface.h:394:51:[m[K [01;35m[Kwarning: [m[Kunused parameter â€˜[01m[Ktimeout[m[Kâ€™ [[01;35m[K]8;;https://gcc.gnu.org/onlinedocs/gcc/Warning-Options.html#index-Wunused-parameter-Wunused-parameter]8;;[m[K]
[0.799s]   394 |                                          [01;35m[Kuint32_t timeout = DEFAULT_TIMEOUT[m[K)
[0.799s]       |                                          [01;35m[K~~~~~~~~~^~~~~~~~~~~~~~~~~~~~~~~~~[m[K
[0.799s] [01m[K/home/robot/robot_ws/install/ydlidar_sdk/include/core/common/DriverInterface.h:[m[K In member function â€˜[01m[Kvirtual result_t ydlidar::core::common::DriverInterface::setSamplingRate(sampling_rate&, uint32_t)[m[Kâ€™:
[0.799s] [01m[K/home/robot/robot_ws/install/ydlidar_sdk/include/core/common/DriverInterface.h:408:57:[m[K [01;35m[Kwarning: [m[Kunused parameter â€˜[01m[Krate[m[Kâ€™ [[01;35m[K]8;;https://gcc.gnu.org/onlinedocs/gcc/Warning-Options.html#index-Wunused-parameter-Wunused-parameter]8;;[m[K]
[0.799s]   408 |         virtual result_t setSamplingRate([01;35m[Ksampling_rate &rate[m[K,
[0.799s]       |                                          [01;35m[K~~~~~~~~~~~~~~~^~~~[m[K
[0.799s] [01m[K/home/robot/robot_ws/install/ydlidar_sdk/include/core/common/DriverInterface.h:409:51:[m[K [01;35m[Kwarning: [m[Kunused parameter â€˜[01m[Ktimeout[m[Kâ€™ [[01;35m[K]8;;https://gcc.gnu.org/onlinedocs/gcc/Warning-Options.html#index-Wunused-parameter-Wunused-parameter]8;;[m[K]
[0.800s]   409 |                                          [01;35m[Kuint32_t timeout = DEFAULT_TIMEOUT[m[K)
[0.800s]       |                                          [01;35m[K~~~~~~~~~^~~~~~~~~~~~~~~~~~~~~~~~~[m[K
[0.800s] [01m[K/home/robot/robot_ws/install/ydlidar_sdk/include/core/common/DriverInterface.h:[m[K In member function â€˜[01m[Kvirtual result_t ydlidar::core::common::DriverInterface::getZeroOffsetAngle(offset_angle&, uint32_t)[m[Kâ€™:
[0.800s] [01m[K/home/robot/robot_ws/install/ydlidar_sdk/include/core/common/DriverInterface.h:423:59:[m[K [01;35m[Kwarning: [m[Kunused parameter â€˜[01m[Kangle[m[Kâ€™ [[01;35m[K]8;;https://gcc.gnu.org/onlinedocs/gcc/Warning-Options.html#index-Wunused-parameter-Wunused-parameter]8;;[m[K]
[0.800s]   423 |         virtual result_t getZeroOffsetAngle([01;35m[Koffset_angle &angle[m[K,
[0.800s]       |                                             [01;35m[K~~~~~~~~~~~~~~^~~~~[m[K
[0.800s] [01m[K/home/robot/robot_ws/install/ydlidar_sdk/include/core/common/DriverInterface.h:424:54:[m[K [01;35m[Kwarning: [m[Kunused parameter â€˜[01m[Ktimeout[m[Kâ€™ [[01;35m[K]8;;https://gcc.gnu.org/onlinedocs/gcc/Warning-Options.html#index-Wunused-parameter-Wunused-parameter]8;;[m[K]
[0.800s]   424 |                                             [01;35m[Kuint32_t timeout = DEFAULT_TIMEOUT[m[K)
[0.800s]       |                                             [01;35m[K~~~~~~~~~^~~~~~~~~~~~~~~~~~~~~~~~~[m[K
[0.800s] [01m[K/home/robot/robot_ws/install/ydlidar_sdk/include/core/common/DriverInterface.h:[m[K In member function â€˜[01m[Kvirtual result_t ydlidar::core::common::DriverInterface::setScanHeartbeat(scan_heart_beat&, uint32_t)[m[Kâ€™:
[0.800s] [01m[K/home/robot/robot_ws/install/ydlidar_sdk/include/core/common/DriverInterface.h:439:60:[m[K [01;35m[Kwarning: [m[Kunused parameter â€˜[01m[Kbeat[m[Kâ€™ [[01;35m[K]8;;https://gcc.gnu.org/onlinedocs/gcc/Warning-Options.html#index-Wunused-parameter-Wunused-parameter]8;;[m[K]
[0.801s]   439 |         virtual result_t setScanHeartbeat([01;35m[Kscan_heart_beat &beat[m[K,
[0.801s]       |                                           [01;35m[K~~~~~~~~~~~~~~~~~^~~~[m[K
[0.801s] [01m[K/home/robot/robot_ws/install/ydlidar_sdk/include/core/common/DriverInterface.h:440:52:[m[K [01;35m[Kwarning: [m[Kunused parameter â€˜[01m[Ktimeout[m[Kâ€™ [[01;35m[K]8;;https://gcc.gnu.org/onlinedocs/gcc/Warning-Options.html#index-Wunused-parameter-Wunused-parameter]8;;[m[K]
[0.801s]   440 |                                           [01;35m[Kuint32_t timeout = DEFAULT_TIMEOUT[m[K)
[0.801s]       |                                           [01;35m[K~~~~~~~~~^~~~~~~~~~~~~~~~~~~~~~~~~[m[K
[0.801s] [01m[K/home/robot/robot_ws/install/ydlidar_sdk/include/core/common/DriverInterface.h:[m[K In member function â€˜[01m[Kvirtual result_t ydlidar::core::common::DriverInterface::setWorkMode(int, uint8_t)[m[Kâ€™:
[0.801s] [01m[K/home/robot/robot_ws/install/ydlidar_sdk/include/core/common/DriverInterface.h:471:42:[m[K [01;35m[Kwarning: [m[Kunused parameter â€˜[01m[Kmode[m[Kâ€™ [[01;35m[K]8;;https://gcc.gnu.org/onlinedocs/gcc/Warning-Options.html#index-Wunused-parameter-Wunused-parameter]8;;[m[K]
[0.801s]   471 |         virtual result_t setWorkMode([01;35m[Kint mode = 0[m[K, uint8_t addr = 0x00) {
[0.801s]       |                                      [01;35m[K~~~~^~~~~~~~[m[K
[0.801s] [01m[K/home/robot/robot_ws/install/ydlidar_sdk/include/core/common/DriverInterface.h:471:60:[m[K [01;35m[Kwarning: [m[Kunused parameter â€˜[01m[Kaddr[m[Kâ€™ [[01;35m[K]8;;https://gcc.gnu.org/onlinedocs/gcc/Warning-Options.html#index-Wunused-parameter-Wunused-parameter]8;;[m[K]
[0.801s]   471 |         virtual result_t setWorkMode(int mode = 0, [01;35m[Kuint8_t addr = 0x00[m[K) {
[0.801s]       |                                                    [01;35m[K~~~~~~~~^~~~~~~~~~~[m[K
[2.797s] [01m[K/home/robot/ydlidar_ros2_driver/src/ydlidar_ros2_driver_node.cpp:[m[K In lambda function:
[2.797s] [01m[K/home/robot/ydlidar_ros2_driver/src/ydlidar_ros2_driver_node.cpp:171:54:[m[K [01;35m[Kwarning: [m[Kunused parameter â€˜[01m[Krequest_header[m[Kâ€™ [[01;35m[K]8;;https://gcc.gnu.org/onlinedocs/gcc/Warning-Options.html#index-Wunused-parameter-Wunused-parameter]8;;[m[K]
[2.797s]   171 |     [&laser]([01;35m[Kconst std::shared_ptr<rmw_request_id_t> request_header[m[K,
[2.797s]       |              [01;35m[K~~~~~~~~~~~~~~~~~~~~~~~~~~~~~~~~~~~~~~~~^~~~~~~~~~~~~~[m[K
[2.797s] [01m[K/home/robot/ydlidar_ros2_driver/src/ydlidar_ros2_driver_node.cpp:172:56:[m[K [01;35m[Kwarning: [m[Kunused parameter â€˜[01m[Kreq[m[Kâ€™ [[01;35m[K]8;;https://gcc.gnu.org/onlinedocs/gcc/Warning-Options.html#index-Wunused-parameter-Wunused-parameter]8;;[m[K]
[2.797s]   172 |   [01;35m[Kconst std::shared_ptr<std_srvs::srv::Empty::Request> req[m[K,
[2.797s]       |   [01;35m[K~~~~~~~~~~~~~~~~~~~~~~~~~~~~~~~~~~~~~~~~~~~~~~~~~~~~~^~~[m[K
[2.797s] [01m[K/home/robot/ydlidar_ros2_driver/src/ydlidar_ros2_driver_node.cpp:173:51:[m[K [01;35m[Kwarning: [m[Kunused parameter â€˜[01m[Kresponse[m[Kâ€™ [[01;35m[K]8;;https://gcc.gnu.org/onlinedocs/gcc/Warning-Options.html#index-Wunused-parameter-Wunused-parameter]8;;[m[K]
[2.797s]   173 |   [01;35m[Kstd::shared_ptr<std_srvs::srv::Empty::Response> response[m[K) -> bool
[2.798s]       |   [01;35m[K~~~~~~~~~~~~~~~~~~~~~~~~~~~~~~~~~~~~~~~~~~~~~~~~^~~~~~~~[m[K
[2.813s] [01m[K/home/robot/ydlidar_ros2_driver/src/ydlidar_ros2_driver_node.cpp:[m[K In lambda function:
[2.813s] [01m[K/home/robot/ydlidar_ros2_driver/src/ydlidar_ros2_driver_node.cpp:181:54:[m[K [01;35m[Kwarning: [m[Kunused parameter â€˜[01m[Krequest_header[m[Kâ€™ [[01;35m[K]8;;https://gcc.gnu.org/onlinedocs/gcc/Warning-Options.html#index-Wunused-parameter-Wunused-parameter]8;;[m[K]
[2.813s]   181 |     [&laser]([01;35m[Kconst std::shared_ptr<rmw_request_id_t> request_header[m[K,
[2.813s]       |              [01;35m[K~~~~~~~~~~~~~~~~~~~~~~~~~~~~~~~~~~~~~~~~^~~~~~~~~~~~~~[m[K
[2.813s] [01m[K/home/robot/ydlidar_ros2_driver/src/ydlidar_ros2_driver_node.cpp:182:56:[m[K [01;35m[Kwarning: [m[Kunused parameter â€˜[01m[Kreq[m[Kâ€™ [[01;35m[K]8;;https://gcc.gnu.org/onlinedocs/gcc/Warning-Options.html#index-Wunused-parameter-Wunused-parameter]8;;[m[K]
[2.813s]   182 |   [01;35m[Kconst std::shared_ptr<std_srvs::srv::Empty::Request> req[m[K,
[2.813s]       |   [01;35m[K~~~~~~~~~~~~~~~~~~~~~~~~~~~~~~~~~~~~~~~~~~~~~~~~~~~~~^~~[m[K
[2.813s] [01m[K/home/robot/ydlidar_ros2_driver/src/ydlidar_ros2_driver_node.cpp:183:51:[m[K [01;35m[Kwarning: [m[Kunused parameter â€˜[01m[Kresponse[m[Kâ€™ [[01;35m[K]8;;https://gcc.gnu.org/onlinedocs/gcc/Warning-Options.html#index-Wunused-parameter-Wunused-parameter]8;;[m[K]
[2.813s]   183 |   [01;35m[Kstd::shared_ptr<std_srvs::srv::Empty::Response> response[m[K) -> bool
[2.814s]       |   [01;35m[K~~~~~~~~~~~~~~~~~~~~~~~~~~~~~~~~~~~~~~~~~~~~~~~~^~~~~~~~[m[K
[2.820s] In file included from [01m[K/opt/ros/humble/include/rclcpp/rclcpp/client.hpp:40[m[K,
[2.820s]                  from [01m[K/opt/ros/humble/include/rclcpp/rclcpp/callback_group.hpp:24[m[K,
[2.820s]                  from [01m[K/opt/ros/humble/include/rclcpp/rclcpp/any_executable.hpp:20[m[K,
[2.820s]                  from [01m[K/opt/ros/humble/include/rclcpp/rclcpp/memory_strategy.hpp:25[m[K,
[2.821s]                  from [01m[K/opt/ros/humble/include/rclcpp/rclcpp/memory_strategies.hpp:18[m[K,
[2.821s]                  from [01m[K/opt/ros/humble/include/rclcpp/rclcpp/executor_options.hpp:20[m[K,
[2.821s]                  from [01m[K/opt/ros/humble/include/rclcpp/rclcpp/executor.hpp:37[m[K,
[2.821s]                  from [01m[K/opt/ros/humble/include/rclcpp/rclcpp/executors/multi_threaded_executor.hpp:25[m[K,
[2.821s]                  from [01m[K/opt/ros/humble/include/rclcpp/rclcpp/executors.hpp:21[m[K,
[2.821s]                  from [01m[K/opt/ros/humble/include/rclcpp/rclcpp/rclcpp.hpp:155[m[K,
[2.821s]                  from [01m[K/home/robot/ydlidar_ros2_driver/src/ydlidar_ros2_driver_node.cpp:23[m[K:
[2.821s] [01m[K/home/robot/ydlidar_ros2_driver/src/ydlidar_ros2_driver_node.cpp:[m[K In function â€˜[01m[Kint main(int, char**)[m[Kâ€™:
[2.821s] [01m[K/home/robot/ydlidar_ros2_driver/src/ydlidar_ros2_driver_node.cpp:244:19:[m[K [01;31m[Kerror: [m[Kinvalid use of â€˜[01m[Kthis[m[Kâ€™ in non-member function
[2.821s]   244 |       RCLCPP_INFO([01;31m[Kthis[m[K->get_logger(), ",xdistance,, %.5f", scan.points[scan.points.size()*5/12].range);
[2.821s]       |                   [01;31m[K^~~~[m[K
[2.821s] [01m[K/home/robot/ydlidar_ros2_driver/src/ydlidar_ros2_driver_node.cpp:244:19:[m[K [01;31m[Kerror: [m[Kinvalid use of â€˜[01m[Kthis[m[Kâ€™ in non-member function
[2.821s] [01m[K/home/robot/ydlidar_ros2_driver/src/ydlidar_ros2_driver_node.cpp:244:7:[m[K [01;31m[Kerror: [m[Ktemplate argument 1 is invalid
[2.822s]   244 |       [01;31m[KRCLCPP_INFO[m[K(this->get_logger(), ",xdistance,, %.5f", scan.points[scan.points.size()*5/12].range);
[2.822s]       |       [01;31m[K^~~~~~~~~~~[m[K
[2.822s] [01m[K/home/robot/ydlidar_ros2_driver/src/ydlidar_ros2_driver_node.cpp:244:7:[m[K [01;31m[Kerror: [m[Kâ€˜[01m[K<declaration error>[m[Kâ€™ is not a template [[01;31m[K]8;;https://gcc.gnu.org/onlinedocs/gcc/Warning-Options.html#index-fpermissive-fpermissive]8;;[m[K]
[2.822s]   244 |       [01;31m[KRCLCPP_INFO[m[K(this->get_logger(), ",xdistance,, %.5f", scan.points[scan.points.size()*5/12].range);
[2.822s]       |       [01;31m[K^~~~~~~~~~~[m[K
[2.822s] [01m[K/home/robot/ydlidar_ros2_driver/src/ydlidar_ros2_driver_node.cpp:244:7:[m[K [01;31m[Kerror: [m[Ktemplate argument 1 is invalid
[2.822s]   244 |       [01;31m[KRCLCPP_INFO[m[K(this->get_logger(), ",xdistance,, %.5f", scan.points[scan.points.size()*5/12].range);
[2.822s]       |       [01;31m[K^~~~~~~~~~~[m[K
[2.822s] [01m[K/home/robot/ydlidar_ros2_driver/src/ydlidar_ros2_driver_node.cpp:244:7:[m[K [01;31m[Kerror: [m[Kâ€˜[01m[K<declaration error>[m[Kâ€™ is not a template [[01;31m[K]8;;https://gcc.gnu.org/onlinedocs/gcc/Warning-Options.html#index-fpermissive-fpermissive]8;;[m[K]
[2.822s]   244 |       [01;31m[KRCLCPP_INFO[m[K(this->get_logger(), ",xdistance,, %.5f", scan.points[scan.points.size()*5/12].range);
[2.822s]       |       [01;31m[K^~~~~~~~~~~[m[K
[2.822s] [01m[K/home/robot/ydlidar_ros2_driver/src/ydlidar_ros2_driver_node.cpp:244:7:[m[K [01;31m[Kerror: [m[Ktemplate argument 1 is invalid
[2.822s]   244 |       [01;31m[KRCLCPP_INFO[m[K(this->get_logger(), ",xdistance,, %.5f", scan.points[scan.points.size()*5/12].range);
[2.823s]       |       [01;31m[K^~~~~~~~~~~[m[K
[2.825s] In file included from [01m[K/opt/ros/humble/include/rclcpp/rclcpp/logging.hpp:24[m[K,
[2.825s]                  from [01m[K/opt/ros/humble/include/rclcpp/rclcpp/client.hpp:40[m[K,
[2.825s]                  from [01m[K/opt/ros/humble/include/rclcpp/rclcpp/callback_group.hpp:24[m[K,
[2.825s]                  from [01m[K/opt/ros/humble/include/rclcpp/rclcpp/any_executable.hpp:20[m[K,
[2.825s]                  from [01m[K/opt/ros/humble/include/rclcpp/rclcpp/memory_strategy.hpp:25[m[K,
[2.825s]                  from [01m[K/opt/ros/humble/include/rclcpp/rclcpp/memory_strategies.hpp:18[m[K,
[2.826s]                  from [01m[K/opt/ros/humble/include/rclcpp/rclcpp/executor_options.hpp:20[m[K,
[2.826s]                  from [01m[K/opt/ros/humble/include/rclcpp/rclcpp/executor.hpp:37[m[K,
[2.826s]                  from [01m[K/opt/ros/humble/include/rclcpp/rclcpp/executors/multi_threaded_executor.hpp:25[m[K,
[2.826s]                  from [01m[K/opt/ros/humble/include/rclcpp/rclcpp/executors.hpp:21[m[K,
[2.826s]                  from [01m[K/opt/ros/humble/include/rclcpp/rclcpp/rclcpp.hpp:155[m[K,
[2.826s]                  from [01m[K/home/robot/ydlidar_ros2_driver/src/ydlidar_ros2_driver_node.cpp:23[m[K:
[2.826s] [01m[K/home/robot/ydlidar_ros2_driver/src/ydlidar_ros2_driver_node.cpp:244:19:[m[K [01;31m[Kerror: [m[Kinvalid use of â€˜[01m[Kthis[m[Kâ€™ in non-member function
[2.826s]   244 |       RCLCPP_INFO([01;31m[Kthis[m[K->get_logger(), ",xdistance,, %.5f", scan.points[scan.points.size()*5/12].range);
[2.826s]       |                   [01;31m[K^~~~[m[K
[2.826s] [01m[K/home/robot/ydlidar_ros2_driver/src/ydlidar_ros2_driver_node.cpp:244:19:[m[K [01;31m[Kerror: [m[Kinvalid use of â€˜[01m[Kthis[m[Kâ€™ in non-member function
[2.827s]   244 |       RCLCPP_INFO([01;31m[Kthis[m[K->get_logger(), ",xdistance,, %.5f", scan.points[scan.points.size()*5/12].range);
[2.827s]       |                   [01;31m[K^~~~[m[K
[2.827s] [01m[K/home/robot/ydlidar_ros2_driver/src/ydlidar_ros2_driver_node.cpp:38:7:[m[K [01;35m[Kwarning: [m[Kunused variable â€˜[01m[Kcount[m[Kâ€™ [[01;35m[K]8;;https://gcc.gnu.org/onlinedocs/gcc/Warning-Options.html#index-Wunused-variable-Wunused-variable]8;;[m[K]
[2.827s]    38 |   int [01;35m[Kcount[m[K = 0;
[2.827s]       |       [01;35m[K^~~~~[m[K
[4.182s] gmake[2]: *** [CMakeFiles/ydlidar_ros2_driver_node.dir/build.make:76: CMakeFiles/ydlidar_ros2_driver_node.dir/src/ydlidar_ros2_driver_node.cpp.o] Error 1
[4.182s] gmake[1]: *** [CMakeFiles/Makefile2:139: CMakeFiles/ydlidar_ros2_driver_node.dir/all] Error 2
[4.184s] gmake: *** [Makefile:146: all] Error 2
[4.185s] Invoked command in '/home/robot/ydlidar_ros2_driver/build/ydlidar_ros2_driver' returned '2': CMAKE_PREFIX_PATH=${CMAKE_PREFIX_PATH}:/home/robot/robot_ws/install/urdf_tutorial:/home/robot/turtlebot3_ws/install/turtlebot3_teleop:/home/robot/turtlebot3_ws/install/turtlebot3_example:/opt/ros/humble /usr/bin/cmake --build /home/robot/ydlidar_ros2_driver/build/ydlidar_ros2_driver -- -j4 -l4
