<?xml version="1.0" encoding="UTF-8"?>
<Site BuildName="(empty)"
	BuildStamp="20240603-0248-Experimental"
	Name="robot"
	Generator="ctest-3.22.1"
	CompilerName="/usr/bin/c++"
	CompilerVersion="11.4.0"
	OSName="Linux"
	Hostname="robot"
	OSRelease="6.5.0-35-generic"
	OSVersion="#35~22.04.1-Ubuntu SMP PREEMPT_DYNAMIC Tue May  7 09:00:52 UTC 2"
	OSPlatform="x86_64"
	Is64Bits="1"
	VendorString="GenuineIntel"
	VendorID="Intel Corporation"
	FamilyID="6"
	ModelID="190"
	ProcessorCacheSize="6144"
	NumberOfLogicalCPU="4"
	NumberOfPhysicalCPU="4"
	TotalVirtualMemory="2047"
	TotalPhysicalMemory="7710"
	LogicalProcessorsPerPhysical="1"
	ProcessorClockFrequency="2682.61"
	>
	<Testing>
		<StartDateTime>Jun 03 18:29 KST</StartDateTime>
		<StartTestTime>1717406942</StartTestTime>
		<TestList/>
		<EndDateTime>Jun 03 18:29 KST</EndDateTime>
		<EndTestTime>1717406942</EndTestTime>
		<ElapsedMinutes>0</ElapsedMinutes>
	</Testing>
</Site>
