<?xml version="1.0" encoding="UTF-8"?>
<Site BuildName="(empty)"
	BuildStamp="20240718-0747-Experimental"
	Name="robot"
	Generator="ctest-3.22.1"
	CompilerName="/usr/bin/c++"
	CompilerVersion="11.4.0"
	OSName="Linux"
	Hostname="robot"
	OSRelease="6.5.0-44-generic"
	OSVersion="#44~22.04.1-Ubuntu SMP PREEMPT_DYNAMIC Tue Jun 18 14:36:16 UTC 2"
	OSPlatform="x86_64"
	Is64Bits="1"
	VendorString="GenuineIntel"
	VendorID="Intel Corporation"
	FamilyID="6"
	ModelID="190"
	ProcessorCacheSize="6144"
	NumberOfLogicalCPU="4"
	NumberOfPhysicalCPU="4"
	TotalVirtualMemory="2047"
	TotalPhysicalMemory="7709"
	LogicalProcessorsPerPhysical="1"
	ProcessorClockFrequency="2694.72"
	>
	<Testing>
		<StartDateTime>Jul 18 16:47 KST</StartDateTime>
		<StartTestTime>1721288877</StartTestTime>
		<TestList/>
		<EndDateTime>Jul 18 16:47 KST</EndDateTime>
		<EndTestTime>1721288877</EndTestTime>
		<ElapsedMinutes>0</ElapsedMinutes>
	</Testing>
</Site>
